<?xml version="1.0" encoding="UTF-8"?>
<!-- Generated by org.testng.reporters.JUnitReportReporter -->
<testsuite skipped="0" hostname="LAPTOP-Q35KUDM9" name="datadrivenFramework.Apache_POI_Test" tests="1" failures="0" timestamp="01 Sep 2018 13:12:56 GMT" time="49.624" errors="0">
  <testcase name="main" time="49.624" classname="datadrivenFramework.Apache_POI_Test"/>
</testsuite> <!-- datadrivenFramework.Apache_POI_Test -->
