<?xml version="1.0" encoding="UTF-8"?>
<!-- Generated by org.testng.reporters.JUnitReportReporter -->
<testsuite skipped="0" hostname="LAPTOP-Q35KUDM9" name="datadrivenFramework.Apache_POI_Test" tests="1" failures="0" timestamp="28 Aug 2018 01:23:58 GMT" time="44.066" errors="0">
  <testcase name="Excute" time="44.066" classname="datadrivenFramework.Apache_POI_Test"/>
</testsuite> <!-- datadrivenFramework.Apache_POI_Test -->
